
2020-08-06 12:00:05,113 : DEBUG : __main__ : Initiating class "Komplett"
2020-08-06 12:00:05,114 : DEBUG : __main__ : Category: gpu
2020-08-06 12:00:05,114 : DEBUG : __main__ : URL: https://www.komplett.dk/product/1103205/hardware/pc-komponenter/grafikkort/asus-geforce-rtx-2080-ti-rog-strix-oc#
2020-08-06 12:00:05,115 : INFO : __main__ : Getting response from URL...
2020-08-06 12:00:06,825 : INFO : __main__ : Got response from URL
2020-08-06 12:00:07,072 : INFO : __main__ : Saving record...
2020-08-06 12:00:07,082 : INFO : __main__ : Record saved
2020-08-06 12:00:07,082 : DEBUG : __main__ : Initiating class "Komplett"
2020-08-06 12:00:07,082 : DEBUG : __main__ : Category: ssd
2020-08-06 12:00:07,082 : DEBUG : __main__ : URL: https://www.komplett.dk/product/1133452/hardware/lagring/harddiskssd/ssd-m2/corsair-force-series-mp600-1tb-m2-ssd#
2020-08-06 12:00:07,083 : INFO : __main__ : Getting response from URL...
2020-08-06 12:00:08,112 : INFO : __main__ : Got response from URL
2020-08-06 12:00:08,368 : INFO : __main__ : Saving record...
2020-08-06 12:00:08,374 : INFO : __main__ : Record saved
2020-08-06 12:00:08,375 : DEBUG : __main__ : Initiating class "Proshop"
2020-08-06 12:00:08,375 : DEBUG : __main__ : Category: gpu
2020-08-06 12:00:08,375 : DEBUG : __main__ : URL: https://www.proshop.dk/Grafikkort/ASUS-GeForce-RTX-2080-Ti-ROG-STRIX-OC-11GB-GDDR6-RAM-Grafikkort/2679518
2020-08-06 12:00:08,375 : INFO : __main__ : Getting response from URL...
2020-08-06 12:00:09,611 : INFO : __main__ : Got response from URl
2020-08-06 12:00:09,791 : INFO : __main__ : Saving record...
2020-08-06 12:00:09,797 : INFO : __main__ : Record saved
2020-08-06 12:00:09,798 : DEBUG : __main__ : Initiating class "Proshop"
2020-08-06 12:00:09,798 : DEBUG : __main__ : Category: ssd
2020-08-06 12:00:09,798 : DEBUG : __main__ : URL: https://www.proshop.dk/SSD/Corsair-Force-MP600-NVMe-Gen4-M2-1TB/2779161
2020-08-06 12:00:09,798 : INFO : __main__ : Getting response from URL...
2020-08-06 12:00:10,473 : INFO : __main__ : Got response from URl
2020-08-06 12:00:10,676 : INFO : __main__ : Saving record...
2020-08-06 12:00:10,682 : INFO : __main__ : Record saved
2020-08-06 12:00:10,683 : DEBUG : __main__ : Initiating class "Proshop"
2020-08-06 12:00:10,683 : DEBUG : __main__ : Category: gpu
2020-08-06 12:00:10,683 : DEBUG : __main__ : URL: https://www.proshop.dk/Grafikkort/ASUS-Radeon-RX-5700-XT-ROG-STRIX-OC-8GB-GDDR6-RAM-Grafikkort/2792486
2020-08-06 12:00:10,683 : INFO : __main__ : Getting response from URL...
2020-08-06 12:00:12,347 : INFO : __main__ : Got response from URl
2020-08-06 12:00:12,513 : INFO : __main__ : Saving record...
2020-08-06 12:00:12,519 : INFO : __main__ : Record saved
2020-08-07 12:00:03,006 : DEBUG : __main__ : Initiating class "Komplett"
2020-08-07 12:00:03,007 : DEBUG : __main__ : Category: gpu
2020-08-07 12:00:03,007 : DEBUG : __main__ : URL: https://www.komplett.dk/product/1103205/hardware/pc-komponenter/grafikkort/asus-geforce-rtx-2080-ti-rog-strix-oc#
2020-08-07 12:00:03,007 : INFO : __main__ : Getting response from URL...
2020-08-07 12:00:03,315 : INFO : __main__ : Got response from URL
2020-08-07 12:00:03,515 : INFO : __main__ : Saving record...
2020-08-07 12:00:03,521 : INFO : __main__ : Record saved
2020-08-07 12:00:03,521 : DEBUG : __main__ : Initiating class "Komplett"
2020-08-07 12:00:03,521 : DEBUG : __main__ : Category: ssd
2020-08-07 12:00:03,521 : DEBUG : __main__ : URL: https://www.komplett.dk/product/1133452/hardware/lagring/harddiskssd/ssd-m2/corsair-force-series-mp600-1tb-m2-ssd#
2020-08-07 12:00:03,521 : INFO : __main__ : Getting response from URL...
2020-08-07 12:00:03,919 : INFO : __main__ : Got response from URL
2020-08-07 12:00:04,182 : INFO : __main__ : Saving record...
2020-08-07 12:00:04,188 : INFO : __main__ : Record saved
2020-08-07 12:00:04,189 : DEBUG : __main__ : Initiating class "Proshop"
2020-08-07 12:00:04,189 : DEBUG : __main__ : Category: gpu
2020-08-07 12:00:04,189 : DEBUG : __main__ : URL: https://www.proshop.dk/Grafikkort/ASUS-GeForce-RTX-2080-Ti-ROG-STRIX-OC-11GB-GDDR6-RAM-Grafikkort/2679518
2020-08-07 12:00:04,189 : INFO : __main__ : Getting response from URL...
2020-08-07 12:00:04,394 : INFO : __main__ : Got response from URL
2020-08-07 12:00:04,521 : INFO : __main__ : Saving record...
2020-08-07 12:00:04,527 : INFO : __main__ : Record saved
2020-08-07 12:00:04,527 : DEBUG : __main__ : Initiating class "Proshop"
2020-08-07 12:00:04,527 : DEBUG : __main__ : Category: ssd
2020-08-07 12:00:04,527 : DEBUG : __main__ : URL: https://www.proshop.dk/SSD/Corsair-Force-MP600-NVMe-Gen4-M2-1TB/2779161
2020-08-07 12:00:04,528 : INFO : __main__ : Getting response from URL...
2020-08-07 12:00:04,687 : INFO : __main__ : Got response from URL
2020-08-07 12:00:04,840 : INFO : __main__ : Saving record...
2020-08-07 12:00:04,846 : INFO : __main__ : Record saved
2020-08-07 12:00:04,847 : DEBUG : __main__ : Initiating class "Proshop"
2020-08-07 12:00:04,847 : DEBUG : __main__ : Category: gpu
2020-08-07 12:00:04,847 : DEBUG : __main__ : URL: https://www.proshop.dk/Grafikkort/ASUS-Radeon-RX-5700-XT-ROG-STRIX-OC-8GB-GDDR6-RAM-Grafikkort/2792486
2020-08-07 12:00:04,847 : INFO : __main__ : Getting response from URL...
2020-08-07 12:00:04,999 : INFO : __main__ : Got response from URL
2020-08-07 12:00:05,104 : INFO : __main__ : Saving record...
2020-08-07 12:00:05,110 : INFO : __main__ : Record saved
2020-08-08 12:00:03,320 : DEBUG : __main__ : Initiating class "Komplett"
2020-08-08 12:00:03,321 : DEBUG : __main__ : Category: gpu
2020-08-08 12:00:03,321 : DEBUG : __main__ : URL: https://www.komplett.dk/product/1103205/hardware/pc-komponenter/grafikkort/asus-geforce-rtx-2080-ti-rog-strix-oc#
2020-08-08 12:00:03,321 : INFO : __main__ : Getting response from URL...
2020-08-08 12:00:03,637 : INFO : __main__ : Got response from URL
2020-08-08 12:00:03,839 : INFO : __main__ : Saving record...
2020-08-08 12:00:03,846 : INFO : __main__ : Record saved
2020-08-08 12:00:03,846 : DEBUG : __main__ : Initiating class "Komplett"
2020-08-08 12:00:03,846 : DEBUG : __main__ : Category: ssd
2020-08-08 12:00:03,846 : DEBUG : __main__ : URL: https://www.komplett.dk/product/1133452/hardware/lagring/harddiskssd/ssd-m2/corsair-force-series-mp600-1tb-m2-ssd#
2020-08-08 12:00:03,846 : INFO : __main__ : Getting response from URL...
2020-08-08 12:00:04,233 : INFO : __main__ : Got response from URL
2020-08-08 12:00:04,451 : INFO : __main__ : Saving record...
2020-08-08 12:00:04,457 : INFO : __main__ : Record saved
2020-08-08 12:00:04,457 : DEBUG : __main__ : Initiating class "Proshop"
2020-08-08 12:00:04,457 : DEBUG : __main__ : Category: gpu
2020-08-08 12:00:04,458 : DEBUG : __main__ : URL: https://www.proshop.dk/Grafikkort/ASUS-GeForce-RTX-2080-Ti-ROG-STRIX-OC-11GB-GDDR6-RAM-Grafikkort/2679518
2020-08-08 12:00:04,458 : INFO : __main__ : Getting response from URL...
2020-08-08 12:00:04,654 : INFO : __main__ : Got response from URL
2020-08-08 12:00:04,784 : INFO : __main__ : Saving record...
2020-08-08 12:00:04,790 : INFO : __main__ : Record saved
2020-08-08 12:00:04,791 : DEBUG : __main__ : Initiating class "Proshop"
2020-08-08 12:00:04,791 : DEBUG : __main__ : Category: ssd
2020-08-08 12:00:04,791 : DEBUG : __main__ : URL: https://www.proshop.dk/SSD/Corsair-Force-MP600-NVMe-Gen4-M2-1TB/2779161
2020-08-08 12:00:04,791 : INFO : __main__ : Getting response from URL...
2020-08-08 12:00:04,942 : INFO : __main__ : Got response from URL
2020-08-08 12:00:05,097 : INFO : __main__ : Saving record...
2020-08-08 12:00:05,103 : INFO : __main__ : Record saved
2020-08-08 12:00:05,104 : DEBUG : __main__ : Initiating class "Proshop"
2020-08-08 12:00:05,104 : DEBUG : __main__ : Category: gpu
2020-08-08 12:00:05,104 : DEBUG : __main__ : URL: https://www.proshop.dk/Grafikkort/ASUS-Radeon-RX-5700-XT-ROG-STRIX-OC-8GB-GDDR6-RAM-Grafikkort/2792486
2020-08-08 12:00:05,104 : INFO : __main__ : Getting response from URL...
2020-08-08 12:00:05,310 : INFO : __main__ : Got response from URL
2020-08-08 12:00:05,417 : INFO : __main__ : Saving record...
2020-08-08 12:00:05,423 : INFO : __main__ : Record saved
2020-08-09 12:00:03,163 : DEBUG : __main__ : Initiating class "Komplett"
2020-08-09 12:00:03,163 : DEBUG : __main__ : Category: gpu
2020-08-09 12:00:03,164 : DEBUG : __main__ : URL: https://www.komplett.dk/product/1103205/hardware/pc-komponenter/grafikkort/asus-geforce-rtx-2080-ti-rog-strix-oc#
2020-08-09 12:00:03,164 : INFO : __main__ : Getting response from URL...
2020-08-09 12:00:03,468 : INFO : __main__ : Got response from URL
2020-08-09 12:00:03,671 : INFO : __main__ : Saving record...
2020-08-09 12:00:03,677 : INFO : __main__ : Record saved
2020-08-09 12:00:03,677 : DEBUG : __main__ : Initiating class "Komplett"
2020-08-09 12:00:03,678 : DEBUG : __main__ : Category: ssd
2020-08-09 12:00:03,678 : DEBUG : __main__ : URL: https://www.komplett.dk/product/1133452/hardware/lagring/harddiskssd/ssd-m2/corsair-force-series-mp600-1tb-m2-ssd#
2020-08-09 12:00:03,678 : INFO : __main__ : Getting response from URL...
2020-08-09 12:00:04,068 : INFO : __main__ : Got response from URL
2020-08-09 12:00:04,306 : INFO : __main__ : Saving record...
2020-08-09 12:00:04,312 : INFO : __main__ : Record saved
2020-08-09 12:00:04,312 : DEBUG : __main__ : Initiating class "Proshop"
2020-08-09 12:00:04,313 : DEBUG : __main__ : Category: gpu
2020-08-09 12:00:04,313 : DEBUG : __main__ : URL: https://www.proshop.dk/Grafikkort/ASUS-GeForce-RTX-2080-Ti-ROG-STRIX-OC-11GB-GDDR6-RAM-Grafikkort/2679518
2020-08-09 12:00:04,313 : INFO : __main__ : Getting response from URL...
2020-08-09 12:00:04,672 : INFO : __main__ : Got response from URL
2020-08-09 12:00:04,802 : INFO : __main__ : Saving record...
2020-08-09 12:00:04,808 : INFO : __main__ : Record saved
2020-08-09 12:00:04,809 : DEBUG : __main__ : Initiating class "Proshop"
2020-08-09 12:00:04,809 : DEBUG : __main__ : Category: ssd
2020-08-09 12:00:04,809 : DEBUG : __main__ : URL: https://www.proshop.dk/SSD/Corsair-Force-MP600-NVMe-Gen4-M2-1TB/2779161
2020-08-09 12:00:04,809 : INFO : __main__ : Getting response from URL...
2020-08-09 12:00:05,152 : INFO : __main__ : Got response from URL
2020-08-09 12:00:05,306 : INFO : __main__ : Saving record...
2020-08-09 12:00:05,313 : INFO : __main__ : Record saved
2020-08-09 12:00:05,313 : DEBUG : __main__ : Initiating class "Proshop"
2020-08-09 12:00:05,313 : DEBUG : __main__ : Category: gpu
2020-08-09 12:00:05,314 : DEBUG : __main__ : URL: https://www.proshop.dk/Grafikkort/ASUS-Radeon-RX-5700-XT-ROG-STRIX-OC-8GB-GDDR6-RAM-Grafikkort/2792486
2020-08-09 12:00:05,314 : INFO : __main__ : Getting response from URL...
2020-08-09 12:00:05,571 : INFO : __main__ : Got response from URL
2020-08-09 12:00:05,708 : INFO : __main__ : Saving record...
2020-08-09 12:00:05,714 : INFO : __main__ : Record saved
